
2023/05/01 (00:14:25) | ===> btop++ v.1.2.13
2023/05/01 (00:14:25) | ERROR: Invalid hex value: 40a02b
theme[temp_mid]=
2023/05/01 (00:14:25) | ERROR: Invalid hex value: 89dceb

# Process box color gradient for threads, mem and cpu usage (Sapphire -> Mauve)
theme[process_start]=
2023/05/01 (00:14:26) | ERROR: Invalid hex value: 89dceb

# Process box color gradient for threads, mem and cpu usage (Sapphire -> Mauve)
theme[process_start]=

2023/05/01 (23:03:06) | ===> btop++ v.1.2.13
2023/05/01 (23:03:06) | ERROR: Invalid hex value: 89dceb

# Process box color gradient for threads, mem and cpu usage (Sapphire -> Mauve)
theme[process_start]=

2023/05/02 (15:37:48) | ===> btop++ v.1.2.13
2023/05/02 (15:37:48) | ERROR: Invalid hex value: 89dceb

# Process box color gradient for threads, mem and cpu usage (Sapphire -> Mauve)
theme[process_start]=

2023/05/02 (17:32:35) | ===> btop++ v.1.2.13
2023/05/02 (17:32:35) | ERROR: Invalid hex value: 89dceb

# Process box color gradient for threads, mem and cpu usage (Sapphire -> Mauve)
theme[process_start]=

2023/05/02 (18:13:15) | ===> btop++ v.1.2.13
2023/05/02 (18:13:15) | ERROR: Invalid hex value: 89dceb

# Process box color gradient for threads, mem and cpu usage (Sapphire -> Mauve)
theme[process_start]=

2023/05/02 (19:34:55) | ===> btop++ v.1.2.13
2023/05/02 (19:34:55) | ERROR: Invalid hex value: 89dceb

# Process box color gradient for threads, mem and cpu usage (Sapphire -> Mauve)
theme[process_start]=

2023/05/02 (20:56:44) | ===> btop++ v.1.2.13
2023/05/02 (20:56:44) | ERROR: Invalid hex value: 89dceb

# Process box color gradient for threads, mem and cpu usage (Sapphire -> Mauve)
theme[process_start]=

2023/05/02 (20:59:07) | ===> btop++ v.1.2.13
2023/05/02 (20:59:07) | ERROR: Invalid hex value: 89dceb

# Process box color gradient for threads, mem and cpu usage (Sapphire -> Mauve)
theme[process_start]=

2023/05/02 (21:44:44) | ===> btop++ v.1.2.13
2023/05/02 (21:44:44) | ERROR: Invalid hex value: 89dceb

# Process box color gradient for threads, mem and cpu usage (Sapphire -> Mauve)
theme[process_start]=

2023/05/02 (21:45:41) | ===> btop++ v.1.2.13
2023/05/02 (21:45:41) | ERROR: Invalid hex value: 89dceb

# Process box color gradient for threads, mem and cpu usage (Sapphire -> Mauve)
theme[process_start]=

2023/05/02 (21:45:57) | ===> btop++ v.1.2.13
2023/05/02 (21:45:57) | ERROR: Invalid hex value: 89dceb

# Process box color gradient for threads, mem and cpu usage (Sapphire -> Mauve)
theme[process_start]=
